<?xml version="1.0" encoding="UTF-8" ?>
<testsuite errors="0" failures="1" hostname="taylors-mbp.mobile.asu.edu" name="net.sf.memoranda.tests.CalendarDateTest" skipped="0" tests="3" time="0.197" timestamp="2016-02-12T23:20:49">
  <properties>
[...]
</properties>
  <testcase classname="net.sf.memoranda.tests.CalendarDateTest" name="afterTest" time="0.002" />
  <testcase classname="net.sf.memoranda.tests.CalendarDateTest" name="equalsTest" time="0.0" />
  <testcase classname="net.sf.memoranda.tests.CalendarDateTest" name="beforeTest" time="0.006">
    <failure type="junit.framework.AssertionFailedError">junit.framework.AssertionFailedError
	at net.sf.memoranda.tests.CalendarDateTest.beforeTest(Unknown Source)
</failure>
  </testcase>
  <system-out><![CDATA[]]></system-out>
  <system-err><![CDATA[]]></system-err>
</testsuite>
